mode: set
github.com/notaryproject/notation-go/dir/fs.go:23.57,27.2 3 1
github.com/notaryproject/notation-go/dir/fs.go:33.34,37.2 1 1
github.com/notaryproject/notation-go/dir/fs.go:40.23,42.2 1 0
github.com/notaryproject/notation-go/dir/fs.go:45.23,47.2 1 0
github.com/notaryproject/notation-go/dir/path.go:63.13,65.2 1 1
github.com/notaryproject/notation-go/dir/path.go:68.21,71.16 2 1
github.com/notaryproject/notation-go/dir/path.go:74.2,77.32 2 1
github.com/notaryproject/notation-go/dir/path.go:71.16,72.13 1 0
github.com/notaryproject/notation-go/dir/path.go:81.59,84.2 2 1
github.com/notaryproject/notation-go/dir/path.go:91.48,95.2 3 1
github.com/notaryproject/notation-go/config/base.go:12.51,14.47 2 1
github.com/notaryproject/notation-go/config/base.go:17.2,18.16 2 1
github.com/notaryproject/notation-go/config/base.go:21.2,24.28 4 1
github.com/notaryproject/notation-go/config/base.go:14.47,16.3 1 0
github.com/notaryproject/notation-go/config/base.go:18.16,20.3 1 0
github.com/notaryproject/notation-go/config/base.go:28.51,30.16 2 1
github.com/notaryproject/notation-go/config/base.go:33.2,34.42 2 1
github.com/notaryproject/notation-go/config/base.go:30.16,32.3 1 0
github.com/notaryproject/notation-go/config/config.go:23.26,25.2 1 0
github.com/notaryproject/notation-go/config/config.go:28.31,30.16 2 1
github.com/notaryproject/notation-go/config/config.go:33.2,33.22 1 1
github.com/notaryproject/notation-go/config/config.go:30.16,32.3 1 0
github.com/notaryproject/notation-go/config/config.go:37.36,41.16 3 1
github.com/notaryproject/notation-go/config/config.go:47.2,47.21 1 1
github.com/notaryproject/notation-go/config/config.go:41.16,42.37 1 0
github.com/notaryproject/notation-go/config/config.go:45.3,45.18 1 0
github.com/notaryproject/notation-go/config/config.go:42.37,44.4 1 0
github.com/notaryproject/notation-go/config/keys.go:33.40,35.2 1 0
github.com/notaryproject/notation-go/config/keys.go:44.36,46.16 2 1
github.com/notaryproject/notation-go/config/keys.go:49.2,49.22 1 1
github.com/notaryproject/notation-go/config/keys.go:46.16,48.3 1 0
github.com/notaryproject/notation-go/config/keys.go:53.36,55.2 1 0
github.com/notaryproject/notation-go/config/keys.go:59.46,62.16 3 1
github.com/notaryproject/notation-go/config/keys.go:68.2,68.21 1 1
github.com/notaryproject/notation-go/config/keys.go:62.16,63.37 1 0
github.com/notaryproject/notation-go/config/keys.go:66.3,66.18 1 0
github.com/notaryproject/notation-go/config/keys.go:63.37,65.4 1 0
github.com/notaryproject/notation-go/plugin/proto/algorithm.go:26.58,27.16 1 1
github.com/notaryproject/notation-go/plugin/proto/algorithm.go:47.2,47.48 1 1
github.com/notaryproject/notation-go/plugin/proto/algorithm.go:28.27,29.17 1 1
github.com/notaryproject/notation-go/plugin/proto/algorithm.go:37.28,38.17 1 1
github.com/notaryproject/notation-go/plugin/proto/algorithm.go:30.12,31.28 1 1
github.com/notaryproject/notation-go/plugin/proto/algorithm.go:32.12,33.28 1 1
github.com/notaryproject/notation-go/plugin/proto/algorithm.go:34.12,35.28 1 1
github.com/notaryproject/notation-go/plugin/proto/algorithm.go:39.13,40.30 1 1
github.com/notaryproject/notation-go/plugin/proto/algorithm.go:41.13,42.30 1 1
github.com/notaryproject/notation-go/plugin/proto/algorithm.go:43.13,44.30 1 1
github.com/notaryproject/notation-go/plugin/proto/algorithm.go:51.70,52.11 1 1
github.com/notaryproject/notation-go/plugin/proto/algorithm.go:75.2,75.8 1 1
github.com/notaryproject/notation-go/plugin/proto/algorithm.go:53.22,55.38 2 1
github.com/notaryproject/notation-go/plugin/proto/algorithm.go:56.22,58.38 2 1
github.com/notaryproject/notation-go/plugin/proto/algorithm.go:59.22,61.38 2 1
github.com/notaryproject/notation-go/plugin/proto/algorithm.go:62.20,64.37 2 1
github.com/notaryproject/notation-go/plugin/proto/algorithm.go:65.20,67.37 2 1
github.com/notaryproject/notation-go/plugin/proto/algorithm.go:68.20,70.37 2 1
github.com/notaryproject/notation-go/plugin/proto/algorithm.go:71.10,73.39 2 1
github.com/notaryproject/notation-go/plugin/proto/algorithm.go:91.75,92.16 1 1
github.com/notaryproject/notation-go/plugin/proto/algorithm.go:112.2,112.48 1 1
github.com/notaryproject/notation-go/plugin/proto/algorithm.go:93.27,94.17 1 1
github.com/notaryproject/notation-go/plugin/proto/algorithm.go:102.28,103.17 1 1
github.com/notaryproject/notation-go/plugin/proto/algorithm.go:95.12,96.35 1 1
github.com/notaryproject/notation-go/plugin/proto/algorithm.go:97.12,98.35 1 1
github.com/notaryproject/notation-go/plugin/proto/algorithm.go:99.12,100.35 1 1
github.com/notaryproject/notation-go/plugin/proto/algorithm.go:104.13,105.35 1 1
github.com/notaryproject/notation-go/plugin/proto/algorithm.go:106.13,107.35 1 1
github.com/notaryproject/notation-go/plugin/proto/algorithm.go:108.13,109.35 1 1
github.com/notaryproject/notation-go/plugin/proto/algorithm.go:132.82,133.13 1 1
github.com/notaryproject/notation-go/plugin/proto/algorithm.go:147.2,147.52 1 1
github.com/notaryproject/notation-go/plugin/proto/algorithm.go:134.32,135.45 1 1
github.com/notaryproject/notation-go/plugin/proto/algorithm.go:136.32,137.45 1 1
github.com/notaryproject/notation-go/plugin/proto/algorithm.go:138.32,139.45 1 1
github.com/notaryproject/notation-go/plugin/proto/algorithm.go:140.32,141.50 1 1
github.com/notaryproject/notation-go/plugin/proto/algorithm.go:142.32,143.50 1 1
github.com/notaryproject/notation-go/plugin/proto/algorithm.go:144.32,145.50 1 1
github.com/notaryproject/notation-go/plugin/proto/algorithm.go:151.82,152.13 1 1
github.com/notaryproject/notation-go/plugin/proto/algorithm.go:166.2,166.51 1 1
github.com/notaryproject/notation-go/plugin/proto/algorithm.go:153.38,154.39 1 1
github.com/notaryproject/notation-go/plugin/proto/algorithm.go:155.38,156.39 1 1
github.com/notaryproject/notation-go/plugin/proto/algorithm.go:157.38,158.39 1 1
github.com/notaryproject/notation-go/plugin/proto/algorithm.go:159.43,160.39 1 1
github.com/notaryproject/notation-go/plugin/proto/algorithm.go:161.43,162.39 1 1
github.com/notaryproject/notation-go/plugin/proto/algorithm.go:163.43,164.39 1 1
github.com/notaryproject/notation-go/plugin/proto/errors.go:47.38,49.2 1 1
github.com/notaryproject/notation-go/plugin/proto/errors.go:51.38,53.2 1 1
github.com/notaryproject/notation-go/plugin/proto/errors.go:55.45,56.41 1 1
github.com/notaryproject/notation-go/plugin/proto/errors.go:65.2,65.14 1 1
github.com/notaryproject/notation-go/plugin/proto/errors.go:56.41,57.24 1 1
github.com/notaryproject/notation-go/plugin/proto/errors.go:60.3,60.22 1 1
github.com/notaryproject/notation-go/plugin/proto/errors.go:63.3,63.74 1 1
github.com/notaryproject/notation-go/plugin/proto/errors.go:57.24,59.4 1 1
github.com/notaryproject/notation-go/plugin/proto/errors.go:60.22,62.4 1 1
github.com/notaryproject/notation-go/plugin/proto/errors.go:68.53,70.18 2 1
github.com/notaryproject/notation-go/plugin/proto/errors.go:73.2,73.55 1 1
github.com/notaryproject/notation-go/plugin/proto/errors.go:70.18,72.3 1 1
github.com/notaryproject/notation-go/plugin/proto/errors.go:76.57,79.16 3 1
github.com/notaryproject/notation-go/plugin/proto/errors.go:82.2,82.64 1 1
github.com/notaryproject/notation-go/plugin/proto/errors.go:85.2,86.23 2 1
github.com/notaryproject/notation-go/plugin/proto/errors.go:89.2,89.12 1 1
github.com/notaryproject/notation-go/plugin/proto/errors.go:79.16,81.3 1 1
github.com/notaryproject/notation-go/plugin/proto/errors.go:82.64,84.3 1 1
github.com/notaryproject/notation-go/plugin/proto/errors.go:86.23,88.3 1 1
github.com/notaryproject/notation-go/plugin/proto/metadata.go:9.45,11.2 1 0
github.com/notaryproject/notation-go/plugin/proto/metadata.go:26.76,27.22 1 1
github.com/notaryproject/notation-go/plugin/proto/metadata.go:30.2,30.38 1 1
github.com/notaryproject/notation-go/plugin/proto/metadata.go:35.2,35.14 1 1
github.com/notaryproject/notation-go/plugin/proto/metadata.go:27.22,29.3 1 1
github.com/notaryproject/notation-go/plugin/proto/metadata.go:30.38,31.22 1 1
github.com/notaryproject/notation-go/plugin/proto/metadata.go:31.22,33.4 1 1
github.com/notaryproject/notation-go/plugin/proto/sign.go:10.45,12.2 1 0
github.com/notaryproject/notation-go/plugin/proto/sign.go:35.51,37.2 1 0
github.com/notaryproject/notation-go/plugin/proto/sign.go:62.50,64.2 1 0
github.com/notaryproject/notation-go/plugin/proto/verify.go:13.49,15.2 1 0
github.com/notaryproject/notation-go/verifier/truststore/truststore.go:42.63,44.2 1 1
github.com/notaryproject/notation-go/verifier/truststore/truststore.go:52.136,53.34 1 1
github.com/notaryproject/notation-go/verifier/truststore/truststore.go:56.2,56.39 1 1
github.com/notaryproject/notation-go/verifier/truststore/truststore.go:59.2,60.16 2 1
github.com/notaryproject/notation-go/verifier/truststore/truststore.go:65.2,66.16 2 1
github.com/notaryproject/notation-go/verifier/truststore/truststore.go:72.2,73.47 2 1
github.com/notaryproject/notation-go/verifier/truststore/truststore.go:77.2,78.16 2 1
github.com/notaryproject/notation-go/verifier/truststore/truststore.go:82.2,83.29 2 1
github.com/notaryproject/notation-go/verifier/truststore/truststore.go:100.2,100.27 1 1
github.com/notaryproject/notation-go/verifier/truststore/truststore.go:104.2,104.26 1 1
github.com/notaryproject/notation-go/verifier/truststore/truststore.go:53.34,55.3 1 0
github.com/notaryproject/notation-go/verifier/truststore/truststore.go:56.39,58.3 1 0
github.com/notaryproject/notation-go/verifier/truststore/truststore.go:60.16,62.3 1 0
github.com/notaryproject/notation-go/verifier/truststore/truststore.go:66.16,67.25 1 0
github.com/notaryproject/notation-go/verifier/truststore/truststore.go:70.3,70.18 1 0
github.com/notaryproject/notation-go/verifier/truststore/truststore.go:67.25,69.4 1 0
github.com/notaryproject/notation-go/verifier/truststore/truststore.go:73.47,75.3 1 0
github.com/notaryproject/notation-go/verifier/truststore/truststore.go:78.16,80.3 1 0
github.com/notaryproject/notation-go/verifier/truststore/truststore.go:83.29,85.54 2 1
github.com/notaryproject/notation-go/verifier/truststore/truststore.go:88.3,89.17 2 1
github.com/notaryproject/notation-go/verifier/truststore/truststore.go:93.3,93.58 1 1
github.com/notaryproject/notation-go/verifier/truststore/truststore.go:97.3,97.48 1 1
github.com/notaryproject/notation-go/verifier/truststore/truststore.go:85.54,87.4 1 0
github.com/notaryproject/notation-go/verifier/truststore/truststore.go:89.17,91.4 1 1
github.com/notaryproject/notation-go/verifier/truststore/truststore.go:93.58,95.4 1 1
github.com/notaryproject/notation-go/verifier/truststore/truststore.go:100.27,102.3 1 0
github.com/notaryproject/notation-go/verifier/truststore/truststore.go:107.66,110.20 1 1
github.com/notaryproject/notation-go/verifier/truststore/truststore.go:114.2,114.29 1 1
github.com/notaryproject/notation-go/verifier/truststore/truststore.go:126.2,126.12 1 1
github.com/notaryproject/notation-go/verifier/truststore/truststore.go:110.20,112.3 1 0
github.com/notaryproject/notation-go/verifier/truststore/truststore.go:114.29,115.17 1 1
github.com/notaryproject/notation-go/verifier/truststore/truststore.go:115.17,116.111 1 1
github.com/notaryproject/notation-go/verifier/truststore/truststore.go:116.111,122.5 1 1
github.com/notaryproject/notation-go/verifier/truststore/truststore.go:130.44,132.2 1 1
github.com/notaryproject/notation-go/internal/envelope/envelope.go:19.67,20.29 1 1
github.com/notaryproject/notation-go/internal/envelope/envelope.go:21.26,22.13 1 1
github.com/notaryproject/notation-go/internal/envelope/envelope.go:23.10,24.82 1 1
github.com/notaryproject/notation-go/internal/envelope/envelope.go:30.83,37.2 1 0
github.com/notaryproject/notation-go/verifier/trustpolicy/trustpolicy.go:155.45,157.22 1 1
github.com/notaryproject/notation-go/verifier/trustpolicy/trustpolicy.go:162.2,162.29 1 1
github.com/notaryproject/notation-go/verifier/trustpolicy/trustpolicy.go:165.2,165.66 1 1
github.com/notaryproject/notation-go/verifier/trustpolicy/trustpolicy.go:170.2,170.39 1 1
github.com/notaryproject/notation-go/verifier/trustpolicy/trustpolicy.go:174.2,176.52 2 1
github.com/notaryproject/notation-go/verifier/trustpolicy/trustpolicy.go:215.2,215.58 1 1
github.com/notaryproject/notation-go/verifier/trustpolicy/trustpolicy.go:220.2,220.44 1 1
github.com/notaryproject/notation-go/verifier/trustpolicy/trustpolicy.go:227.2,227.12 1 1
github.com/notaryproject/notation-go/verifier/trustpolicy/trustpolicy.go:157.22,159.3 1 1
github.com/notaryproject/notation-go/verifier/trustpolicy/trustpolicy.go:162.29,164.3 1 0
github.com/notaryproject/notation-go/verifier/trustpolicy/trustpolicy.go:165.66,167.3 1 1
github.com/notaryproject/notation-go/verifier/trustpolicy/trustpolicy.go:170.39,172.3 1 1
github.com/notaryproject/notation-go/verifier/trustpolicy/trustpolicy.go:176.52,179.27 1 1
github.com/notaryproject/notation-go/verifier/trustpolicy/trustpolicy.go:182.3,186.17 3 1
github.com/notaryproject/notation-go/verifier/trustpolicy/trustpolicy.go:192.3,192.39 1 1
github.com/notaryproject/notation-go/verifier/trustpolicy/trustpolicy.go:179.27,181.4 1 1
github.com/notaryproject/notation-go/verifier/trustpolicy/trustpolicy.go:186.17,188.4 1 1
github.com/notaryproject/notation-go/verifier/trustpolicy/trustpolicy.go:192.39,193.78 1 1
github.com/notaryproject/notation-go/verifier/trustpolicy/trustpolicy.go:193.78,195.5 1 1
github.com/notaryproject/notation-go/verifier/trustpolicy/trustpolicy.go:196.9,197.80 1 1
github.com/notaryproject/notation-go/verifier/trustpolicy/trustpolicy.go:202.4,202.56 1 1
github.com/notaryproject/notation-go/verifier/trustpolicy/trustpolicy.go:207.4,207.63 1 1
github.com/notaryproject/notation-go/verifier/trustpolicy/trustpolicy.go:197.80,199.5 1 1
github.com/notaryproject/notation-go/verifier/trustpolicy/trustpolicy.go:202.56,204.5 1 1
github.com/notaryproject/notation-go/verifier/trustpolicy/trustpolicy.go:207.63,209.5 1 1
github.com/notaryproject/notation-go/verifier/trustpolicy/trustpolicy.go:215.58,217.3 1 1
github.com/notaryproject/notation-go/verifier/trustpolicy/trustpolicy.go:220.44,221.40 1 1
github.com/notaryproject/notation-go/verifier/trustpolicy/trustpolicy.go:221.40,223.4 1 1
github.com/notaryproject/notation-go/verifier/trustpolicy/trustpolicy.go:234.106,237.16 2 1
github.com/notaryproject/notation-go/verifier/trustpolicy/trustpolicy.go:241.2,243.63 3 1
github.com/notaryproject/notation-go/verifier/trustpolicy/trustpolicy.go:253.2,253.29 1 1
github.com/notaryproject/notation-go/verifier/trustpolicy/trustpolicy.go:237.16,239.3 1 0
github.com/notaryproject/notation-go/verifier/trustpolicy/trustpolicy.go:243.63,244.76 1 1
github.com/notaryproject/notation-go/verifier/trustpolicy/trustpolicy.go:244.76,248.4 1 1
github.com/notaryproject/notation-go/verifier/trustpolicy/trustpolicy.go:248.9,248.75 1 1
github.com/notaryproject/notation-go/verifier/trustpolicy/trustpolicy.go:248.75,250.4 1 1
github.com/notaryproject/notation-go/verifier/trustpolicy/trustpolicy.go:253.29,257.3 1 1
github.com/notaryproject/notation-go/verifier/trustpolicy/trustpolicy.go:257.8,257.34 1 1
github.com/notaryproject/notation-go/verifier/trustpolicy/trustpolicy.go:257.34,259.3 1 1
github.com/notaryproject/notation-go/verifier/trustpolicy/trustpolicy.go:259.8,261.3 1 1
github.com/notaryproject/notation-go/verifier/trustpolicy/trustpolicy.go:265.40,267.16 2 1
github.com/notaryproject/notation-go/verifier/trustpolicy/trustpolicy.go:270.2,273.16 4 1
github.com/notaryproject/notation-go/verifier/trustpolicy/trustpolicy.go:276.2,276.28 1 1
github.com/notaryproject/notation-go/verifier/trustpolicy/trustpolicy.go:267.16,269.3 1 1
github.com/notaryproject/notation-go/verifier/trustpolicy/trustpolicy.go:273.16,275.3 1 0
github.com/notaryproject/notation-go/verifier/trustpolicy/trustpolicy.go:281.104,282.51 1 1
github.com/notaryproject/notation-go/verifier/trustpolicy/trustpolicy.go:286.2,287.39 2 1
github.com/notaryproject/notation-go/verifier/trustpolicy/trustpolicy.go:292.2,292.22 1 1
github.com/notaryproject/notation-go/verifier/trustpolicy/trustpolicy.go:296.2,296.46 1 1
github.com/notaryproject/notation-go/verifier/trustpolicy/trustpolicy.go:301.2,301.28 1 1
github.com/notaryproject/notation-go/verifier/trustpolicy/trustpolicy.go:305.2,312.42 2 1
github.com/notaryproject/notation-go/verifier/trustpolicy/trustpolicy.go:317.2,317.57 1 1
github.com/notaryproject/notation-go/verifier/trustpolicy/trustpolicy.go:348.2,348.37 1 1
github.com/notaryproject/notation-go/verifier/trustpolicy/trustpolicy.go:282.51,284.3 1 0
github.com/notaryproject/notation-go/verifier/trustpolicy/trustpolicy.go:287.39,288.56 1 1
github.com/notaryproject/notation-go/verifier/trustpolicy/trustpolicy.go:288.56,290.4 1 1
github.com/notaryproject/notation-go/verifier/trustpolicy/trustpolicy.go:292.22,294.3 1 1
github.com/notaryproject/notation-go/verifier/trustpolicy/trustpolicy.go:296.46,299.3 1 1
github.com/notaryproject/notation-go/verifier/trustpolicy/trustpolicy.go:301.28,303.3 1 1
github.com/notaryproject/notation-go/verifier/trustpolicy/trustpolicy.go:312.42,314.3 1 1
github.com/notaryproject/notation-go/verifier/trustpolicy/trustpolicy.go:317.57,319.37 2 1
github.com/notaryproject/notation-go/verifier/trustpolicy/trustpolicy.go:325.3,325.27 1 1
github.com/notaryproject/notation-go/verifier/trustpolicy/trustpolicy.go:329.3,330.44 2 1
github.com/notaryproject/notation-go/verifier/trustpolicy/trustpolicy.go:336.3,336.29 1 1
github.com/notaryproject/notation-go/verifier/trustpolicy/trustpolicy.go:340.3,340.38 1 1
github.com/notaryproject/notation-go/verifier/trustpolicy/trustpolicy.go:346.3,346.73 1 1
github.com/notaryproject/notation-go/verifier/trustpolicy/trustpolicy.go:319.37,320.16 1 1
github.com/notaryproject/notation-go/verifier/trustpolicy/trustpolicy.go:320.16,322.10 2 1
github.com/notaryproject/notation-go/verifier/trustpolicy/trustpolicy.go:325.27,327.4 1 1
github.com/notaryproject/notation-go/verifier/trustpolicy/trustpolicy.go:330.44,331.23 1 1
github.com/notaryproject/notation-go/verifier/trustpolicy/trustpolicy.go:331.23,333.10 2 1
github.com/notaryproject/notation-go/verifier/trustpolicy/trustpolicy.go:336.29,338.4 1 1
github.com/notaryproject/notation-go/verifier/trustpolicy/trustpolicy.go:340.38,342.4 1 1
github.com/notaryproject/notation-go/verifier/trustpolicy/trustpolicy.go:342.9,342.80 1 1
github.com/notaryproject/notation-go/verifier/trustpolicy/trustpolicy.go:342.80,344.4 1 1
github.com/notaryproject/notation-go/verifier/trustpolicy/trustpolicy.go:352.44,360.2 1 1
github.com/notaryproject/notation-go/verifier/trustpolicy/trustpolicy.go:364.54,365.51 1 1
github.com/notaryproject/notation-go/verifier/trustpolicy/trustpolicy.go:378.2,378.12 1 1
github.com/notaryproject/notation-go/verifier/trustpolicy/trustpolicy.go:365.51,367.13 2 1
github.com/notaryproject/notation-go/verifier/trustpolicy/trustpolicy.go:370.3,370.40 1 1
github.com/notaryproject/notation-go/verifier/trustpolicy/trustpolicy.go:373.3,373.40 1 1
github.com/notaryproject/notation-go/verifier/trustpolicy/trustpolicy.go:367.13,369.4 1 1
github.com/notaryproject/notation-go/verifier/trustpolicy/trustpolicy.go:370.40,372.4 1 1
github.com/notaryproject/notation-go/verifier/trustpolicy/trustpolicy.go:373.40,375.4 1 1
github.com/notaryproject/notation-go/verifier/trustpolicy/trustpolicy.go:383.61,387.112 1 1
github.com/notaryproject/notation-go/verifier/trustpolicy/trustpolicy.go:391.2,393.55 2 1
github.com/notaryproject/notation-go/verifier/trustpolicy/trustpolicy.go:420.2,420.74 1 1
github.com/notaryproject/notation-go/verifier/trustpolicy/trustpolicy.go:425.2,425.12 1 1
github.com/notaryproject/notation-go/verifier/trustpolicy/trustpolicy.go:387.112,389.3 1 1
github.com/notaryproject/notation-go/verifier/trustpolicy/trustpolicy.go:393.55,394.21 1 1
github.com/notaryproject/notation-go/verifier/trustpolicy/trustpolicy.go:398.3,398.39 1 1
github.com/notaryproject/notation-go/verifier/trustpolicy/trustpolicy.go:394.21,396.4 1 1
github.com/notaryproject/notation-go/verifier/trustpolicy/trustpolicy.go:398.39,400.14 2 1
github.com/notaryproject/notation-go/verifier/trustpolicy/trustpolicy.go:405.4,405.49 1 1
github.com/notaryproject/notation-go/verifier/trustpolicy/trustpolicy.go:400.14,402.5 1 1
github.com/notaryproject/notation-go/verifier/trustpolicy/trustpolicy.go:405.49,407.28 1 1
github.com/notaryproject/notation-go/verifier/trustpolicy/trustpolicy.go:410.5,411.19 2 1
github.com/notaryproject/notation-go/verifier/trustpolicy/trustpolicy.go:414.5,414.80 1 1
github.com/notaryproject/notation-go/verifier/trustpolicy/trustpolicy.go:407.28,409.6 1 1
github.com/notaryproject/notation-go/verifier/trustpolicy/trustpolicy.go:411.19,413.6 1 1
github.com/notaryproject/notation-go/verifier/trustpolicy/trustpolicy.go:420.74,422.3 1 1
github.com/notaryproject/notation-go/verifier/trustpolicy/trustpolicy.go:430.56,433.52 2 1
github.com/notaryproject/notation-go/verifier/trustpolicy/trustpolicy.go:452.2,452.38 1 1
github.com/notaryproject/notation-go/verifier/trustpolicy/trustpolicy.go:459.2,459.12 1 1
github.com/notaryproject/notation-go/verifier/trustpolicy/trustpolicy.go:433.52,435.41 1 1
github.com/notaryproject/notation-go/verifier/trustpolicy/trustpolicy.go:438.3,438.107 1 1
github.com/notaryproject/notation-go/verifier/trustpolicy/trustpolicy.go:441.3,441.50 1 1
github.com/notaryproject/notation-go/verifier/trustpolicy/trustpolicy.go:435.41,437.4 1 1
github.com/notaryproject/notation-go/verifier/trustpolicy/trustpolicy.go:438.107,440.4 1 1
github.com/notaryproject/notation-go/verifier/trustpolicy/trustpolicy.go:441.50,442.37 1 1
github.com/notaryproject/notation-go/verifier/trustpolicy/trustpolicy.go:447.4,447.31 1 1
github.com/notaryproject/notation-go/verifier/trustpolicy/trustpolicy.go:442.37,443.62 1 1
github.com/notaryproject/notation-go/verifier/trustpolicy/trustpolicy.go:443.62,445.6 1 1
github.com/notaryproject/notation-go/verifier/trustpolicy/trustpolicy.go:452.38,453.34 1 1
github.com/notaryproject/notation-go/verifier/trustpolicy/trustpolicy.go:453.34,455.4 1 1
github.com/notaryproject/notation-go/verifier/trustpolicy/trustpolicy.go:462.76,463.32 1 1
github.com/notaryproject/notation-go/verifier/trustpolicy/trustpolicy.go:471.2,471.12 1 1
github.com/notaryproject/notation-go/verifier/trustpolicy/trustpolicy.go:463.32,464.33 1 1
github.com/notaryproject/notation-go/verifier/trustpolicy/trustpolicy.go:464.33,465.63 1 1
github.com/notaryproject/notation-go/verifier/trustpolicy/trustpolicy.go:465.63,467.5 1 1
github.com/notaryproject/notation-go/verifier/trustpolicy/trustpolicy.go:476.43,477.37 1 1
github.com/notaryproject/notation-go/verifier/trustpolicy/trustpolicy.go:482.2,482.14 1 1
github.com/notaryproject/notation-go/verifier/trustpolicy/trustpolicy.go:477.37,478.21 1 1
github.com/notaryproject/notation-go/verifier/trustpolicy/trustpolicy.go:478.21,480.4 1 1
github.com/notaryproject/notation-go/verifier/trustpolicy/trustpolicy.go:485.77,489.11 2 1
github.com/notaryproject/notation-go/verifier/trustpolicy/trustpolicy.go:493.2,494.66 2 1
github.com/notaryproject/notation-go/verifier/trustpolicy/trustpolicy.go:497.2,497.26 1 1
github.com/notaryproject/notation-go/verifier/trustpolicy/trustpolicy.go:489.11,491.3 1 0
github.com/notaryproject/notation-go/verifier/trustpolicy/trustpolicy.go:494.66,496.3 1 0
github.com/notaryproject/notation-go/verifier/trustpolicy/trustpolicy.go:507.54,514.12 5 1
github.com/notaryproject/notation-go/verifier/trustpolicy/trustpolicy.go:518.2,518.120 1 1
github.com/notaryproject/notation-go/verifier/trustpolicy/trustpolicy.go:523.2,523.12 1 1
github.com/notaryproject/notation-go/verifier/trustpolicy/trustpolicy.go:514.12,516.3 1 1
github.com/notaryproject/notation-go/verifier/trustpolicy/trustpolicy.go:518.120,520.3 1 1
github.com/notaryproject/notation-go/verifier/helpers.go:37.183,39.16 2 1
github.com/notaryproject/notation-go/verifier/helpers.go:48.2,50.48 3 1
github.com/notaryproject/notation-go/verifier/helpers.go:71.2,71.26 1 1
github.com/notaryproject/notation-go/verifier/helpers.go:40.35,41.33 1 1
github.com/notaryproject/notation-go/verifier/helpers.go:42.51,43.47 1 1
github.com/notaryproject/notation-go/verifier/helpers.go:44.10,45.67 1 0
github.com/notaryproject/notation-go/verifier/helpers.go:50.48,51.45 1 1
github.com/notaryproject/notation-go/verifier/helpers.go:56.3,57.13 2 1
github.com/notaryproject/notation-go/verifier/helpers.go:60.3,60.47 1 1
github.com/notaryproject/notation-go/verifier/helpers.go:64.3,65.17 2 1
github.com/notaryproject/notation-go/verifier/helpers.go:68.3,69.36 2 1
github.com/notaryproject/notation-go/verifier/helpers.go:51.45,53.12 1 0
github.com/notaryproject/notation-go/verifier/helpers.go:57.13,59.4 1 1
github.com/notaryproject/notation-go/verifier/helpers.go:60.47,61.12 1 1
github.com/notaryproject/notation-go/verifier/helpers.go:65.17,67.4 1 0
github.com/notaryproject/notation-go/verifier/helpers.go:76.64,78.2 1 1
github.com/notaryproject/notation-go/verifier/helpers.go:80.101,82.70 2 1
github.com/notaryproject/notation-go/verifier/helpers.go:89.2,89.30 1 1
github.com/notaryproject/notation-go/verifier/helpers.go:82.70,84.68 2 1
github.com/notaryproject/notation-go/verifier/helpers.go:84.68,87.4 1 1
github.com/notaryproject/notation-go/verifier/helpers.go:93.107,96.16 2 1
github.com/notaryproject/notation-go/verifier/helpers.go:100.2,100.20 1 1
github.com/notaryproject/notation-go/verifier/helpers.go:104.2,105.9 2 1
github.com/notaryproject/notation-go/verifier/helpers.go:108.2,108.17 1 1
github.com/notaryproject/notation-go/verifier/helpers.go:96.16,98.3 1 1
github.com/notaryproject/notation-go/verifier/helpers.go:100.20,102.3 1 0
github.com/notaryproject/notation-go/verifier/helpers.go:105.9,107.3 1 0
github.com/notaryproject/notation-go/verifier/helpers.go:112.78,114.16 2 1
github.com/notaryproject/notation-go/verifier/helpers.go:118.2,118.35 1 1
github.com/notaryproject/notation-go/verifier/helpers.go:121.2,121.18 1 1
github.com/notaryproject/notation-go/verifier/helpers.go:114.16,116.3 1 1
github.com/notaryproject/notation-go/verifier/helpers.go:118.35,120.3 1 0
github.com/notaryproject/notation-go/verifier/helpers.go:125.88,127.16 2 1
github.com/notaryproject/notation-go/verifier/helpers.go:131.2,131.38 1 0
github.com/notaryproject/notation-go/verifier/helpers.go:134.2,134.39 1 0
github.com/notaryproject/notation-go/verifier/helpers.go:137.2,137.21 1 0
github.com/notaryproject/notation-go/verifier/helpers.go:127.16,129.3 1 1
github.com/notaryproject/notation-go/verifier/helpers.go:131.38,133.3 1 0
github.com/notaryproject/notation-go/verifier/helpers.go:134.39,136.3 1 0
github.com/notaryproject/notation-go/verifier/verifier.go:38.49,41.16 2 0
github.com/notaryproject/notation-go/verifier/verifier.go:45.2,47.82 2 0
github.com/notaryproject/notation-go/verifier/verifier.go:41.16,43.3 1 0
github.com/notaryproject/notation-go/verifier/verifier.go:51.140,52.45 1 1
github.com/notaryproject/notation-go/verifier/verifier.go:55.2,55.47 1 0
github.com/notaryproject/notation-go/verifier/verifier.go:58.2,62.8 1 0
github.com/notaryproject/notation-go/verifier/verifier.go:52.45,54.3 1 1
github.com/notaryproject/notation-go/verifier/verifier.go:55.47,57.3 1 0
github.com/notaryproject/notation-go/verifier/verifier.go:66.118,71.16 4 0
github.com/notaryproject/notation-go/verifier/verifier.go:74.2,79.65 3 0
github.com/notaryproject/notation-go/verifier/verifier.go:83.2,83.38 1 0
github.com/notaryproject/notation-go/verifier/verifier.go:71.16,73.3 1 0
github.com/notaryproject/notation-go/verifier/verifier.go:79.65,82.3 2 0
github.com/notaryproject/notation-go/verifier/verifier.go:91.159,99.16 7 1
github.com/notaryproject/notation-go/verifier/verifier.go:102.2,111.65 4 1
github.com/notaryproject/notation-go/verifier/verifier.go:115.2,117.16 2 1
github.com/notaryproject/notation-go/verifier/verifier.go:122.2,124.16 3 1
github.com/notaryproject/notation-go/verifier/verifier.go:130.2,130.50 1 1
github.com/notaryproject/notation-go/verifier/verifier.go:135.2,135.31 1 1
github.com/notaryproject/notation-go/verifier/verifier.go:99.16,101.3 1 1
github.com/notaryproject/notation-go/verifier/verifier.go:111.65,114.3 2 0
github.com/notaryproject/notation-go/verifier/verifier.go:117.16,120.3 2 1
github.com/notaryproject/notation-go/verifier/verifier.go:124.16,128.3 3 0
github.com/notaryproject/notation-go/verifier/verifier.go:130.50,134.3 3 1
github.com/notaryproject/notation-go/verifier/verifier.go:138.215,145.34 5 1
github.com/notaryproject/notation-go/verifier/verifier.go:151.2,154.55 3 1
github.com/notaryproject/notation-go/verifier/verifier.go:157.2,158.34 2 1
github.com/notaryproject/notation-go/verifier/verifier.go:192.2,196.43 5 1
github.com/notaryproject/notation-go/verifier/verifier.go:201.2,201.83 1 1
github.com/notaryproject/notation-go/verifier/verifier.go:214.2,218.37 5 1
github.com/notaryproject/notation-go/verifier/verifier.go:223.2,227.49 5 1
github.com/notaryproject/notation-go/verifier/verifier.go:233.2,234.81 1 1
github.com/notaryproject/notation-go/verifier/verifier.go:241.2,241.28 1 1
github.com/notaryproject/notation-go/verifier/verifier.go:262.2,262.12 1 1
github.com/notaryproject/notation-go/verifier/verifier.go:145.34,148.3 2 1
github.com/notaryproject/notation-go/verifier/verifier.go:154.55,156.3 1 0
github.com/notaryproject/notation-go/verifier/verifier.go:158.34,160.136 2 1
github.com/notaryproject/notation-go/verifier/verifier.go:166.3,166.29 1 1
github.com/notaryproject/notation-go/verifier/verifier.go:169.3,170.17 2 1
github.com/notaryproject/notation-go/verifier/verifier.go:175.3,176.17 2 1
github.com/notaryproject/notation-go/verifier/verifier.go:180.3,180.52 1 1
github.com/notaryproject/notation-go/verifier/verifier.go:186.3,186.35 1 1
github.com/notaryproject/notation-go/verifier/verifier.go:160.136,162.4 1 0
github.com/notaryproject/notation-go/verifier/verifier.go:166.29,168.4 1 0
github.com/notaryproject/notation-go/verifier/verifier.go:170.17,172.4 1 1
github.com/notaryproject/notation-go/verifier/verifier.go:176.17,178.4 1 0
github.com/notaryproject/notation-go/verifier/verifier.go:180.52,181.118 1 1
github.com/notaryproject/notation-go/verifier/verifier.go:181.118,183.5 1 1
github.com/notaryproject/notation-go/verifier/verifier.go:186.35,188.4 1 1
github.com/notaryproject/notation-go/verifier/verifier.go:196.43,198.3 1 1
github.com/notaryproject/notation-go/verifier/verifier.go:201.83,204.17 3 1
github.com/notaryproject/notation-go/verifier/verifier.go:208.3,208.44 1 1
github.com/notaryproject/notation-go/verifier/verifier.go:204.17,207.4 2 1
github.com/notaryproject/notation-go/verifier/verifier.go:208.44,210.4 1 1
github.com/notaryproject/notation-go/verifier/verifier.go:218.37,220.3 1 1
github.com/notaryproject/notation-go/verifier/verifier.go:227.49,229.3 1 0
github.com/notaryproject/notation-go/verifier/verifier.go:234.81,238.3 1 1
github.com/notaryproject/notation-go/verifier/verifier.go:241.28,243.41 2 1
github.com/notaryproject/notation-go/verifier/verifier.go:252.3,252.36 1 1
github.com/notaryproject/notation-go/verifier/verifier.go:243.41,245.148 1 1
github.com/notaryproject/notation-go/verifier/verifier.go:249.4,249.59 1 1
github.com/notaryproject/notation-go/verifier/verifier.go:245.148,247.13 2 1
github.com/notaryproject/notation-go/verifier/verifier.go:252.36,255.18 3 1
github.com/notaryproject/notation-go/verifier/verifier.go:259.4,259.81 1 1
github.com/notaryproject/notation-go/verifier/verifier.go:255.18,257.5 1 1
github.com/notaryproject/notation-go/verifier/verifier.go:265.174,267.16 2 1
github.com/notaryproject/notation-go/verifier/verifier.go:272.2,272.99 1 1
github.com/notaryproject/notation-go/verifier/verifier.go:278.2,278.50 1 1
github.com/notaryproject/notation-go/verifier/verifier.go:323.2,323.12 1 1
github.com/notaryproject/notation-go/verifier/verifier.go:267.16,269.3 1 0
github.com/notaryproject/notation-go/verifier/verifier.go:272.99,273.66 1 1
github.com/notaryproject/notation-go/verifier/verifier.go:273.66,275.4 1 1
github.com/notaryproject/notation-go/verifier/verifier.go:278.50,280.26 2 1
github.com/notaryproject/notation-go/verifier/verifier.go:284.3,284.21 1 1
github.com/notaryproject/notation-go/verifier/verifier.go:280.26,283.4 1 1
github.com/notaryproject/notation-go/verifier/verifier.go:285.48,286.29 1 1
github.com/notaryproject/notation-go/verifier/verifier.go:302.48,304.29 2 1
github.com/notaryproject/notation-go/verifier/verifier.go:316.4,317.43 2 1
github.com/notaryproject/notation-go/verifier/verifier.go:286.29,289.51 2 1
github.com/notaryproject/notation-go/verifier/verifier.go:296.5,298.46 2 1
github.com/notaryproject/notation-go/verifier/verifier.go:289.51,290.48 1 1
github.com/notaryproject/notation-go/verifier/verifier.go:290.48,292.12 2 1
github.com/notaryproject/notation-go/verifier/verifier.go:298.46,300.6 1 1
github.com/notaryproject/notation-go/verifier/verifier.go:304.29,310.5 1 1
github.com/notaryproject/notation-go/verifier/verifier.go:310.10,315.5 1 1
github.com/notaryproject/notation-go/verifier/verifier.go:317.43,319.5 1 1
github.com/notaryproject/notation-go/verifier/verifier.go:326.160,329.16 2 1
github.com/notaryproject/notation-go/verifier/verifier.go:338.2,339.16 2 1
github.com/notaryproject/notation-go/verifier/verifier.go:357.2,357.81 1 1
github.com/notaryproject/notation-go/verifier/verifier.go:366.2,369.3 1 1
github.com/notaryproject/notation-go/verifier/verifier.go:329.16,335.3 1 1
github.com/notaryproject/notation-go/verifier/verifier.go:339.16,340.21 1 1
github.com/notaryproject/notation-go/verifier/verifier.go:341.120,346.5 1 1
github.com/notaryproject/notation-go/verifier/verifier.go:347.11,353.5 1 0
github.com/notaryproject/notation-go/verifier/verifier.go:357.81,363.3 1 0
github.com/notaryproject/notation-go/verifier/verifier.go:372.192,376.16 2 1
github.com/notaryproject/notation-go/verifier/verifier.go:384.2,384.25 1 1
github.com/notaryproject/notation-go/verifier/verifier.go:391.2,392.16 2 1
github.com/notaryproject/notation-go/verifier/verifier.go:409.2,412.3 1 1
github.com/notaryproject/notation-go/verifier/verifier.go:376.16,382.3 1 1
github.com/notaryproject/notation-go/verifier/verifier.go:384.25,390.3 1 0
github.com/notaryproject/notation-go/verifier/verifier.go:392.16,393.21 1 1
github.com/notaryproject/notation-go/verifier/verifier.go:394.46,399.5 1 1
github.com/notaryproject/notation-go/verifier/verifier.go:400.11,405.5 1 0
github.com/notaryproject/notation-go/verifier/verifier.go:415.85,416.122 1 1
github.com/notaryproject/notation-go/verifier/verifier.go:424.2,427.3 1 1
github.com/notaryproject/notation-go/verifier/verifier.go:416.122,422.3 1 1
github.com/notaryproject/notation-go/verifier/verifier.go:430.97,434.128 3 1
github.com/notaryproject/notation-go/verifier/verifier.go:466.2,466.22 1 1
github.com/notaryproject/notation-go/verifier/verifier.go:474.2,477.3 1 1
github.com/notaryproject/notation-go/verifier/verifier.go:434.128,437.65 1 1
github.com/notaryproject/notation-go/verifier/verifier.go:437.65,440.53 2 1
github.com/notaryproject/notation-go/verifier/verifier.go:440.53,441.35 1 1
github.com/notaryproject/notation-go/verifier/verifier.go:446.5,446.33 1 1
github.com/notaryproject/notation-go/verifier/verifier.go:441.35,444.11 3 0
github.com/notaryproject/notation-go/verifier/verifier.go:446.33,449.11 3 0
github.com/notaryproject/notation-go/verifier/verifier.go:453.8,453.101 1 1
github.com/notaryproject/notation-go/verifier/verifier.go:453.101,457.52 2 1
github.com/notaryproject/notation-go/verifier/verifier.go:457.52,458.96 1 1
github.com/notaryproject/notation-go/verifier/verifier.go:458.96,461.10 3 0
github.com/notaryproject/notation-go/verifier/verifier.go:466.22,472.3 1 0
github.com/notaryproject/notation-go/verifier/verifier.go:480.267,483.28 2 1
github.com/notaryproject/notation-go/verifier/verifier.go:487.2,491.74 4 1
github.com/notaryproject/notation-go/verifier/verifier.go:495.2,498.51 3 1
github.com/notaryproject/notation-go/verifier/verifier.go:501.2,502.94 2 1
github.com/notaryproject/notation-go/verifier/verifier.go:508.2,530.50 4 1
github.com/notaryproject/notation-go/verifier/verifier.go:483.28,485.3 1 0
github.com/notaryproject/notation-go/verifier/verifier.go:491.74,494.3 2 1
github.com/notaryproject/notation-go/verifier/verifier.go:498.51,500.3 1 1
github.com/notaryproject/notation-go/verifier/verifier.go:502.94,506.3 1 1
github.com/notaryproject/notation-go/verifier/verifier.go:533.105,534.82 1 1
github.com/notaryproject/notation-go/verifier/verifier.go:538.2,539.57 2 1
github.com/notaryproject/notation-go/verifier/verifier.go:559.2,559.37 1 1
github.com/notaryproject/notation-go/verifier/verifier.go:563.2,566.16 3 1
github.com/notaryproject/notation-go/verifier/verifier.go:569.2,569.60 1 1
github.com/notaryproject/notation-go/verifier/verifier.go:575.2,575.188 1 1
github.com/notaryproject/notation-go/verifier/verifier.go:534.82,536.3 1 1
github.com/notaryproject/notation-go/verifier/verifier.go:539.57,541.13 2 1
github.com/notaryproject/notation-go/verifier/verifier.go:546.3,546.56 1 1
github.com/notaryproject/notation-go/verifier/verifier.go:541.13,543.4 1 1
github.com/notaryproject/notation-go/verifier/verifier.go:546.56,548.27 1 1
github.com/notaryproject/notation-go/verifier/verifier.go:551.4,552.18 2 1
github.com/notaryproject/notation-go/verifier/verifier.go:555.4,555.72 1 1
github.com/notaryproject/notation-go/verifier/verifier.go:548.27,550.5 1 1
github.com/notaryproject/notation-go/verifier/verifier.go:552.18,554.5 1 0
github.com/notaryproject/notation-go/verifier/verifier.go:559.37,561.3 1 1
github.com/notaryproject/notation-go/verifier/verifier.go:566.16,568.3 1 0
github.com/notaryproject/notation-go/verifier/verifier.go:569.60,570.55 1 1
github.com/notaryproject/notation-go/verifier/verifier.go:570.55,572.4 1 1
github.com/notaryproject/notation-go/verifier/verifier.go:578.82,579.25 1 1
github.com/notaryproject/notation-go/verifier/verifier.go:582.2,582.23 1 1
github.com/notaryproject/notation-go/verifier/verifier.go:579.25,581.3 1 1
github.com/notaryproject/notation-go/verifier/verifier.go:583.29,584.127 1 1
github.com/notaryproject/notation-go/verifier/verifier.go:585.33,586.87 1 1
github.com/notaryproject/notation-go/registry/repository.go:40.57,44.2 1 0
github.com/notaryproject/notation-go/registry/repository.go:48.92,53.2 1 0
github.com/notaryproject/notation-go/registry/repository.go:56.103,58.2 1 1
github.com/notaryproject/notation-go/registry/repository.go:62.151,64.2 1 1
github.com/notaryproject/notation-go/registry/repository.go:68.129,70.16 2 1
github.com/notaryproject/notation-go/registry/repository.go:73.2,73.41 1 0
github.com/notaryproject/notation-go/registry/repository.go:76.2,77.16 2 0
github.com/notaryproject/notation-go/registry/repository.go:80.2,80.34 1 0
github.com/notaryproject/notation-go/registry/repository.go:70.16,72.3 1 1
github.com/notaryproject/notation-go/registry/repository.go:73.41,75.3 1 0
github.com/notaryproject/notation-go/registry/repository.go:77.16,79.3 1 0
github.com/notaryproject/notation-go/registry/repository.go:86.208,88.16 2 1
github.com/notaryproject/notation-go/registry/repository.go:92.2,93.16 2 1
github.com/notaryproject/notation-go/registry/repository.go:97.2,97.36 1 1
github.com/notaryproject/notation-go/registry/repository.go:88.16,90.3 1 1
github.com/notaryproject/notation-go/registry/repository.go:93.16,95.3 1 0
github.com/notaryproject/notation-go/registry/repository.go:102.134,103.131 1 1
github.com/notaryproject/notation-go/registry/repository.go:106.2,106.49 1 1
github.com/notaryproject/notation-go/registry/repository.go:109.2,110.16 2 1
github.com/notaryproject/notation-go/registry/repository.go:114.2,117.65 2 0
github.com/notaryproject/notation-go/registry/repository.go:131.2,131.30 1 0
github.com/notaryproject/notation-go/registry/repository.go:135.2,135.31 1 0
github.com/notaryproject/notation-go/registry/repository.go:103.131,105.3 1 0
github.com/notaryproject/notation-go/registry/repository.go:106.49,108.3 1 0
github.com/notaryproject/notation-go/registry/repository.go:110.16,112.3 1 1
github.com/notaryproject/notation-go/registry/repository.go:117.65,119.68 2 0
github.com/notaryproject/notation-go/registry/repository.go:122.3,122.38 1 0
github.com/notaryproject/notation-go/registry/repository.go:119.68,121.4 1 0
github.com/notaryproject/notation-go/registry/repository.go:123.8,125.68 2 0
github.com/notaryproject/notation-go/registry/repository.go:128.3,128.37 1 0
github.com/notaryproject/notation-go/registry/repository.go:125.68,127.4 1 0
github.com/notaryproject/notation-go/registry/repository.go:131.30,133.3 1 0
github.com/notaryproject/notation-go/registry/repository.go:139.170,147.2 2 1
github.com/notaryproject/notation-go/errors.go:8.55,9.17 1 0
github.com/notaryproject/notation-go/errors.go:12.2,12.74 1 0
github.com/notaryproject/notation-go/errors.go:9.17,11.3 1 0
github.com/notaryproject/notation-go/errors.go:20.54,21.17 1 0
github.com/notaryproject/notation-go/errors.go:24.2,24.69 1 0
github.com/notaryproject/notation-go/errors.go:21.17,23.3 1 0
github.com/notaryproject/notation-go/errors.go:32.55,33.17 1 0
github.com/notaryproject/notation-go/errors.go:36.2,36.69 1 0
github.com/notaryproject/notation-go/errors.go:33.17,35.3 1 0
github.com/notaryproject/notation-go/errors.go:44.49,45.17 1 0
github.com/notaryproject/notation-go/errors.go:48.2,48.40 1 0
github.com/notaryproject/notation-go/errors.go:45.17,47.3 1 0
github.com/notaryproject/notation-go/notation.go:65.119,67.29 1 1
github.com/notaryproject/notation-go/notation.go:71.2,71.42 1 1
github.com/notaryproject/notation-go/notation.go:75.2,78.16 4 1
github.com/notaryproject/notation-go/notation.go:81.2,81.25 1 1
github.com/notaryproject/notation-go/notation.go:84.2,85.16 2 1
github.com/notaryproject/notation-go/notation.go:88.2,88.44 1 1
github.com/notaryproject/notation-go/notation.go:94.2,95.16 2 1
github.com/notaryproject/notation-go/notation.go:99.2,100.53 2 1
github.com/notaryproject/notation-go/notation.go:104.2,106.16 3 1
github.com/notaryproject/notation-go/notation.go:109.2,112.16 4 1
github.com/notaryproject/notation-go/notation.go:117.2,117.24 1 1
github.com/notaryproject/notation-go/notation.go:67.29,69.3 1 1
github.com/notaryproject/notation-go/notation.go:71.42,73.3 1 1
github.com/notaryproject/notation-go/notation.go:78.16,80.3 1 0
github.com/notaryproject/notation-go/notation.go:81.25,83.3 1 0
github.com/notaryproject/notation-go/notation.go:85.16,87.3 1 0
github.com/notaryproject/notation-go/notation.go:88.44,92.3 2 0
github.com/notaryproject/notation-go/notation.go:95.16,97.3 1 0
github.com/notaryproject/notation-go/notation.go:100.53,102.3 1 1
github.com/notaryproject/notation-go/notation.go:106.16,108.3 1 0
github.com/notaryproject/notation-go/notation.go:112.16,115.3 2 0
github.com/notaryproject/notation-go/notation.go:208.163,217.52 3 1
github.com/notaryproject/notation-go/notation.go:231.2,231.42 1 1
github.com/notaryproject/notation-go/notation.go:236.2,238.16 3 1
github.com/notaryproject/notation-go/notation.go:241.2,241.25 1 1
github.com/notaryproject/notation-go/notation.go:244.2,245.16 2 1
github.com/notaryproject/notation-go/notation.go:248.2,248.44 1 1
github.com/notaryproject/notation-go/notation.go:254.2,260.105 5 1
github.com/notaryproject/notation-go/notation.go:303.2,303.56 1 1
github.com/notaryproject/notation-go/notation.go:311.2,311.34 1 1
github.com/notaryproject/notation-go/notation.go:316.2,316.36 1 1
github.com/notaryproject/notation-go/notation.go:322.2,322.54 1 1
github.com/notaryproject/notation-go/notation.go:217.52,220.17 3 0
github.com/notaryproject/notation-go/notation.go:223.3,223.11 1 0
github.com/notaryproject/notation-go/notation.go:227.3,227.91 1 0
github.com/notaryproject/notation-go/notation.go:220.17,222.4 1 0
github.com/notaryproject/notation-go/notation.go:223.11,226.4 2 0
github.com/notaryproject/notation-go/notation.go:231.42,233.3 1 1
github.com/notaryproject/notation-go/notation.go:238.16,240.3 1 1
github.com/notaryproject/notation-go/notation.go:241.25,243.3 1 1
github.com/notaryproject/notation-go/notation.go:245.16,247.3 1 1
github.com/notaryproject/notation-go/notation.go:248.44,252.3 2 0
github.com/notaryproject/notation-go/notation.go:260.105,262.54 1 1
github.com/notaryproject/notation-go/notation.go:296.3,296.65 1 1
github.com/notaryproject/notation-go/notation.go:300.3,300.13 1 1
github.com/notaryproject/notation-go/notation.go:262.54,263.66 1 1
github.com/notaryproject/notation-go/notation.go:266.4,270.18 4 1
github.com/notaryproject/notation-go/notation.go:275.4,279.18 3 1
github.com/notaryproject/notation-go/notation.go:289.4,293.30 3 1
github.com/notaryproject/notation-go/notation.go:263.66,264.10 1 0
github.com/notaryproject/notation-go/notation.go:270.18,272.5 1 1
github.com/notaryproject/notation-go/notation.go:279.18,281.23 2 1
github.com/notaryproject/notation-go/notation.go:285.5,285.13 1 1
github.com/notaryproject/notation-go/notation.go:281.23,284.6 2 0
github.com/notaryproject/notation-go/notation.go:296.65,298.4 1 0
github.com/notaryproject/notation-go/notation.go:303.56,304.54 1 1
github.com/notaryproject/notation-go/notation.go:307.3,307.40 1 1
github.com/notaryproject/notation-go/notation.go:304.54,306.4 1 0
github.com/notaryproject/notation-go/notation.go:311.34,313.3 1 1
github.com/notaryproject/notation-go/notation.go:316.36,319.3 2 1
github.com/notaryproject/notation-go/notation.go:325.118,327.51 2 1
github.com/notaryproject/notation-go/notation.go:331.2,332.16 2 1
github.com/notaryproject/notation-go/notation.go:336.2,336.24 1 1
github.com/notaryproject/notation-go/notation.go:340.2,341.25 2 1
github.com/notaryproject/notation-go/notation.go:327.51,330.3 2 0
github.com/notaryproject/notation-go/notation.go:332.16,334.3 1 0
github.com/notaryproject/notation-go/notation.go:336.24,338.3 1 1
github.com/notaryproject/notation-go/plugin/manager.go:31.52,33.2 1 1
github.com/notaryproject/notation-go/plugin/manager.go:38.76,41.16 3 1
github.com/notaryproject/notation-go/plugin/manager.go:46.2,46.38 1 1
github.com/notaryproject/notation-go/plugin/manager.go:41.16,43.3 1 0
github.com/notaryproject/notation-go/plugin/manager.go:50.66,52.79 2 1
github.com/notaryproject/notation-go/plugin/manager.go:70.2,70.21 1 1
github.com/notaryproject/notation-go/plugin/manager.go:52.79,53.17 1 1
github.com/notaryproject/notation-go/plugin/manager.go:56.3,56.17 1 1
github.com/notaryproject/notation-go/plugin/manager.go:60.3,61.46 2 1
github.com/notaryproject/notation-go/plugin/manager.go:67.3,68.20 2 1
github.com/notaryproject/notation-go/plugin/manager.go:53.17,55.4 1 0
github.com/notaryproject/notation-go/plugin/manager.go:56.17,59.4 1 1
github.com/notaryproject/notation-go/plugin/manager.go:61.46,64.4 1 1
github.com/notaryproject/notation-go/plugin/manager_unix.go:8.34,10.2 1 1
github.com/notaryproject/notation-go/plugin/plugin.go:64.79,67.16 2 1
github.com/notaryproject/notation-go/plugin/plugin.go:72.2,72.28 1 1
github.com/notaryproject/notation-go/plugin/plugin.go:78.2,82.21 2 1
github.com/notaryproject/notation-go/plugin/plugin.go:67.16,71.3 1 1
github.com/notaryproject/notation-go/plugin/plugin.go:72.28,75.3 1 1
github.com/notaryproject/notation-go/plugin/plugin.go:86.121,89.16 3 1
github.com/notaryproject/notation-go/plugin/plugin.go:93.2,93.43 1 1
github.com/notaryproject/notation-go/plugin/plugin.go:96.2,96.29 1 1
github.com/notaryproject/notation-go/plugin/plugin.go:99.2,99.23 1 1
github.com/notaryproject/notation-go/plugin/plugin.go:89.16,91.3 1 1
github.com/notaryproject/notation-go/plugin/plugin.go:93.43,95.3 1 1
github.com/notaryproject/notation-go/plugin/plugin.go:96.29,98.3 1 1
github.com/notaryproject/notation-go/plugin/plugin.go:105.121,106.31 1 1
github.com/notaryproject/notation-go/plugin/plugin.go:110.2,112.19 3 1
github.com/notaryproject/notation-go/plugin/plugin.go:106.31,108.3 1 1
github.com/notaryproject/notation-go/plugin/plugin.go:118.139,119.31 1 1
github.com/notaryproject/notation-go/plugin/plugin.go:123.2,125.19 3 1
github.com/notaryproject/notation-go/plugin/plugin.go:119.31,121.3 1 1
github.com/notaryproject/notation-go/plugin/plugin.go:131.136,132.31 1 1
github.com/notaryproject/notation-go/plugin/plugin.go:136.2,138.19 3 1
github.com/notaryproject/notation-go/plugin/plugin.go:132.31,134.3 1 1
github.com/notaryproject/notation-go/plugin/plugin.go:144.133,145.31 1 1
github.com/notaryproject/notation-go/plugin/plugin.go:149.2,151.19 3 1
github.com/notaryproject/notation-go/plugin/plugin.go:145.31,147.3 1 1
github.com/notaryproject/notation-go/plugin/plugin.go:154.112,159.16 3 1
github.com/notaryproject/notation-go/plugin/plugin.go:163.2,166.16 3 1
github.com/notaryproject/notation-go/plugin/plugin.go:179.2,182.16 3 1
github.com/notaryproject/notation-go/plugin/plugin.go:185.2,185.12 1 1
github.com/notaryproject/notation-go/plugin/plugin.go:159.16,161.3 1 0
github.com/notaryproject/notation-go/plugin/plugin.go:166.16,171.21 5 1
github.com/notaryproject/notation-go/plugin/plugin.go:176.3,176.12 1 1
github.com/notaryproject/notation-go/plugin/plugin.go:171.21,175.4 1 1
github.com/notaryproject/notation-go/plugin/plugin.go:182.16,184.3 1 1
github.com/notaryproject/notation-go/plugin/plugin.go:199.124,206.16 7 1
github.com/notaryproject/notation-go/plugin/plugin.go:209.2,209.33 1 1
github.com/notaryproject/notation-go/plugin/plugin.go:206.16,208.3 1 0
github.com/notaryproject/notation-go/plugin/plugin.go:213.58,214.25 1 1
github.com/notaryproject/notation-go/plugin/plugin.go:217.2,217.32 1 1
github.com/notaryproject/notation-go/plugin/plugin.go:220.2,220.28 1 1
github.com/notaryproject/notation-go/plugin/plugin.go:223.2,223.24 1 1
github.com/notaryproject/notation-go/plugin/plugin.go:226.2,226.37 1 1
github.com/notaryproject/notation-go/plugin/plugin.go:229.2,229.50 1 1
github.com/notaryproject/notation-go/plugin/plugin.go:232.2,232.81 1 1
github.com/notaryproject/notation-go/plugin/plugin.go:238.2,238.12 1 1
github.com/notaryproject/notation-go/plugin/plugin.go:214.25,216.3 1 1
github.com/notaryproject/notation-go/plugin/plugin.go:217.32,219.3 1 1
github.com/notaryproject/notation-go/plugin/plugin.go:220.28,222.3 1 1
github.com/notaryproject/notation-go/plugin/plugin.go:223.24,225.3 1 1
github.com/notaryproject/notation-go/plugin/plugin.go:226.37,228.3 1 1
github.com/notaryproject/notation-go/plugin/plugin.go:229.50,231.3 1 1
github.com/notaryproject/notation-go/plugin/plugin.go:232.81,237.3 1 1
